[DataLoader] Loaded: dataset-room2_512_16
  Left  frames : 2882
  Right frames : 2882
  GT poses     : 15477
[Calibration] Loaded: data/dataset-room2_512_16\dso\camchain.yaml
  cam0 fx=190.98 fy=190.97 cx=254.93 cy=256.90
  cam1 fx=190.44 fy=190.43 cx=252.60 cy=254.92
  Baseline : 10.11 cm
[main] Stereo preset: indoor
[main] Stereo config: {'max_depth': 20.0, 'min_disp_valid': 1.0, 'num_disparities': 64, 'block_size': 7, 'max_step_rot_deg': 25.0, 'max_step_trans': 0.5, 'min_inlier_ratio': 0.25}
[StereoVO] Computing stereo rectification maps...
[Calibration] Rectification | fx=191.0 | baseline=10.11 cm
[FeatureExtractor] ORB | max_features=3000 | ratio=0.75
[Disparity] Method: SGBM | num_disparities=64 | block_size=7
[StereoVO] K_rect fx=190.98  |  baseline=10.11 cm
[StereoVO] depth range=[0.10, 20.00] m  |  min_disp_valid=1.00 px  |  num_disparities=64
[StereoVO] sanity: max_step_rot=25.0deg  max_step_trans=0.50m  min_inlier_ratio=0.25

[StereoVO] Running on 2882 frames...
[StereoVO] Initialized: 1812 3D points
  Frame    0/2882 | t=[0.000, 0.000, 0.000]m | 3D pts=1812 | track-fail=0 | PnP-fail=0 | low-conf=0 | step-reject=0
  Frame  100/2882 | t=[-0.208, 0.004, -0.029]m | 3D pts=1877 | track-fail=0 | PnP-fail=0 | low-conf=0 | step-reject=0
  Frame  200/2882 | t=[-0.378, -0.077, -0.623]m | 3D pts=1923 | track-fail=0 | PnP-fail=0 | low-conf=0 | step-reject=0
  Frame  300/2882 | t=[0.522, -0.148, -0.033]m | 3D pts=1832 | track-fail=0 | PnP-fail=0 | low-conf=0 | step-reject=0
  Frame  400/2882 | t=[0.566, -0.088, 0.189]m | 3D pts=1851 | track-fail=0 | PnP-fail=0 | low-conf=0 | step-reject=0
  Frame  500/2882 | t=[-0.668, 0.165, 0.370]m | 3D pts=1555 | track-fail=0 | PnP-fail=0 | low-conf=0 | step-reject=0
  Frame  600/2882 | t=[1.880, 0.113, -0.306]m | 3D pts=1824 | track-fail=0 | PnP-fail=0 | low-conf=0 | step-reject=0
  Frame  700/2882 | t=[-1.191, 0.156, -1.113]m | 3D pts=1767 | track-fail=0 | PnP-fail=0 | low-conf=0 | step-reject=0
  Frame  800/2882 | t=[1.232, 0.196, 0.572]m | 3D pts=1959 | track-fail=0 | PnP-fail=0 | low-conf=0 | step-reject=0
  Frame  900/2882 | t=[-0.313, 0.157, -1.569]m | 3D pts=1650 | track-fail=0 | PnP-fail=0 | low-conf=0 | step-reject=0
  Frame 1000/2882 | t=[0.091, 0.170, 0.739]m | 3D pts=1881 | track-fail=0 | PnP-fail=0 | low-conf=0 | step-reject=0
  Frame 1100/2882 | t=[1.118, 0.233, -1.592]m | 3D pts=1883 | track-fail=0 | PnP-fail=0 | low-conf=0 | step-reject=0
  Frame 1200/2882 | t=[-1.265, 0.038, 0.321]m | 3D pts=1162 | track-fail=0 | PnP-fail=0 | low-conf=0 | step-reject=0
  Frame 1300/2882 | t=[1.621, 0.368, -0.441]m | 3D pts=1753 | track-fail=0 | PnP-fail=0 | low-conf=0 | step-reject=0
  Frame 1400/2882 | t=[-1.228, -0.313, -0.863]m | 3D pts=1725 | track-fail=0 | PnP-fail=0 | low-conf=0 | step-reject=0
  Frame 1500/2882 | t=[0.956, 0.116, 0.541]m | 3D pts=1893 | track-fail=0 | PnP-fail=0 | low-conf=0 | step-reject=0
  Frame 1600/2882 | t=[0.218, 0.248, -1.601]m | 3D pts=1824 | track-fail=0 | PnP-fail=0 | low-conf=0 | step-reject=0
  Frame 1700/2882 | t=[-1.220, -0.134, 0.305]m | 3D pts=1184 | track-fail=0 | PnP-fail=0 | low-conf=0 | step-reject=0
  Frame 1800/2882 | t=[1.508, 0.399, -0.141]m | 3D pts=1534 | track-fail=0 | PnP-fail=0 | low-conf=0 | step-reject=0
  Frame 1900/2882 | t=[-0.558, 0.170, -1.543]m | 3D pts=991 | track-fail=0 | PnP-fail=0 | low-conf=0 | step-reject=0
  Frame 2000/2882 | t=[-0.673, -0.057, 0.611]m | 3D pts=1181 | track-fail=0 | PnP-fail=0 | low-conf=0 | step-reject=0
  Frame 2100/2882 | t=[1.470, 0.549, -1.195]m | 3D pts=1837 | track-fail=0 | PnP-fail=0 | low-conf=0 | step-reject=0
  Frame 2200/2882 | t=[-1.247, -0.081, -1.016]m | 3D pts=1756 | track-fail=0 | PnP-fail=0 | low-conf=0 | step-reject=0
  Frame 2300/2882 | t=[0.120, 0.116, 0.589]m | 3D pts=1927 | track-fail=0 | PnP-fail=0 | low-conf=0 | step-reject=0
  Frame 2400/2882 | t=[1.040, 0.537, -1.313]m | 3D pts=1947 | track-fail=0 | PnP-fail=0 | low-conf=0 | step-reject=0
  Frame 2500/2882 | t=[-1.346, -0.028, -0.949]m | 3D pts=1620 | track-fail=0 | PnP-fail=0 | low-conf=0 | step-reject=0
  Frame 2600/2882 | t=[0.088, 0.200, 0.407]m | 3D pts=1927 | track-fail=0 | PnP-fail=0 | low-conf=0 | step-reject=0
  Frame 2700/2882 | t=[-1.169, -0.265, -0.729]m | 3D pts=886 | track-fail=0 | PnP-fail=0 | low-conf=0 | step-reject=0
  Frame 2800/2882 | t=[-0.412, -0.173, -1.241]m | 3D pts=1578 | track-fail=0 | PnP-fail=0 | low-conf=1 | step-reject=0
[TUM] Saved 2882 poses to: results/dataset-room2_512_16_stereo_traj.txt
[StereoVO] Status log: results/dataset-room2_512_16_stereo_traj_status.csv

[StereoVO] Done | emitted=2882/2882 poses | track-fail=0 PnP-fail=0 step-reject=0 low-conf=1 (skip=0.0%, low-conf=0.0%)
[StereoVO] Saved: results/dataset-room2_512_16_stereo_traj.txt

[Runtime] Sequence: dataset-room2_512_16 | Mode: stereo | Frames: 2882 | Total: 320.69s | Per-frame: 111.3ms | FPS: 8.99

